<?xml version="1.0" encoding="UTF-8"?>
<!-- Generated by org.testng.reporters.JUnitReportReporter -->
<testsuite skipped="0" hostname="DESKTOP-DLVJ2FS" name="com.fkt.qa.tetcases.HomePageTest" tests="5" failures="0" timestamp="28 Jul 2019 09:39:25 GMT" time="5.691" errors="0">
  <testcase name="homePageTitleTest" time="0.014" classname="com.fkt.qa.tetcases.HomePageTest"/>
  <testcase name="searhBtnClickTest" time="0.336" classname="com.fkt.qa.tetcases.HomePageTest"/>
  <testcase name="searchProductsTest" time="2.273" classname="com.fkt.qa.tetcases.HomePageTest"/>
  <testcase name="ScrollToTest" time="2.787" classname="com.fkt.qa.tetcases.HomePageTest"/>
  <testcase name="flipkartLogoImageTest" time="0.281" classname="com.fkt.qa.tetcases.HomePageTest"/>
</testsuite> <!-- com.fkt.qa.tetcases.HomePageTest -->
