<?xml version="1.0" encoding="UTF-8"?>
<!-- Generated by org.testng.reporters.JUnitReportReporter -->
<testsuite skipped="0" hostname="DESKTOP-DLVJ2FS" name="com.fkt.qa.tetcases.CartPageTest" tests="4" failures="0" timestamp="28 Jul 2019 12:47:54 GMT" time="3.614" errors="0">
  <testcase name="flkImgClickTest" time="0.774" classname="com.fkt.qa.tetcases.CartPageTest"/>
  <testcase name="CartBtnClickTest" time="0.457" classname="com.fkt.qa.tetcases.CartPageTest"/>
  <testcase name="removeFromCartClickTest" time="2.111" classname="com.fkt.qa.tetcases.CartPageTest"/>
  <testcase name="removeTest" time="0.272" classname="com.fkt.qa.tetcases.CartPageTest"/>
</testsuite> <!-- com.fkt.qa.tetcases.CartPageTest -->
