<?xml version="1.0" encoding="UTF-8"?>
<!-- Generated by org.testng.reporters.JUnitReportReporter -->
<testsuite skipped="2" hostname="DESKTOP-DLVJ2FS" name="com.fkt.qa.tetcases.ElectronicsPageTest" tests="6" failures="0" timestamp="01 Aug 2019 16:33:14 GMT" time="13.334" errors="0">
  <testcase name="moveElectronicsLinkTest" time="5.107" classname="com.fkt.qa.tetcases.ElectronicsPageTest"/>
  <testcase name="ramTest" time="4.979" classname="com.fkt.qa.tetcases.ElectronicsPageTest"/>
  <testcase name="brandTest" time="1.375" classname="com.fkt.qa.tetcases.ElectronicsPageTest"/>
  <testcase name="displayProductNamesTest" time="1.873" classname="com.fkt.qa.tetcases.ElectronicsPageTest"/>
  <testcase name="minTest" classname="com.fkt.qa.tetcases.ElectronicsPageTest">
    <skipped/>
  </testcase> <!-- minTest -->
  <testcase name="maxTest" classname="com.fkt.qa.tetcases.ElectronicsPageTest">
    <skipped/>
  </testcase> <!-- maxTest -->
</testsuite> <!-- com.fkt.qa.tetcases.ElectronicsPageTest -->
