<?xml version="1.0" encoding="UTF-8"?>
<!-- Generated by org.testng.reporters.JUnitReportReporter -->
<testsuite skipped="0" hostname="DESKTOP-564T0NE" name="Work.W3Schools" tests="2" failures="0" timestamp="11 Mar 2020 06:30:21 GMT" time="83.611" errors="0">
  <testcase name="f" time="45.143" classname="Work.W3Schools"/>
  <testcase name="f2" time="38.468" classname="Work.W3Schools"/>
</testsuite> <!-- Work.W3Schools -->
